  CHK     include/linux/version.h
  CHK     include/generated/utsrelease.h
  HOSTCC  scripts/basic/fixdep
  HOSTCC  scripts/basic/docproc
  HOSTCC  scripts/basic/hash
make[1]: `include/generated/mach-types.h' is up to date.
  CC      kernel/bounds.s
  GEN     include/generated/bounds.h
  CC      arch/arm/kernel/asm-offsets.s
  GEN     include/generated/asm-offsets.h
  CALL    scripts/checksyscalls.sh
  HOSTCC  scripts/genksyms/genksyms.o
  HOSTCC  scripts/genksyms/lex.o
  HOSTCC  scripts/genksyms/parse.o
  HOSTLD  scripts/genksyms/genksyms
  CC      scripts/mod/empty.o
  HOSTCC  scripts/mod/mk_elfconfig
  MKELF   scripts/mod/elfconfig.h
  HOSTCC  scripts/mod/file2alias.o
  HOSTCC  scripts/mod/modpost.o
  HOSTCC  scripts/mod/sumversion.o
  HOSTLD  scripts/mod/modpost
  HOSTCC  scripts/kallsyms
  HOSTCC  scripts/conmakehash
  CC      init/main.o
  CHK     include/generated/compile.h
  UPD     include/generated/compile.h
  CC      init/version.o
  CC      init/do_mounts.o
  CC      init/do_mounts_initrd.o
